;;; 
Import: Release 21.0.0.0.0 - Production on Tue Jun 2 15:59:24 2026
Version 21.3.0.0.0

Copyright (c) 1982, 2021, Oracle and/or its affiliates.  All rights reserved.
;;; 
Connected to: Oracle Database 21c Express Edition Release 21.0.0.0.0 - Production
;;; **************************************************************************
;;; Parfile values:
;;;  parfile:  logfile=import_cuseri.log
;;;  parfile:  table_exists_action=APPEND
;;;  parfile:  content=DATA_ONLY
;;;  parfile:  tables=TPRMPP_CUSERI
;;;  parfile:  dumpfile=EXPDAT.DMP
;;;  parfile:  directory=MY_DUMP_DIR
;;;  parfile:  userid=ITPAPP/********@localhost:1521/xepdb1
;;; **************************************************************************
Master table "ITPAPP"."SYS_IMPORT_TABLE_01" successfully loaded/unloaded
Starting "ITPAPP"."SYS_IMPORT_TABLE_01":  ITPAPP/********@localhost:1521/xepdb1 parfile=import_cuseri.par 
Processing object type SCHEMA_EXPORT/TABLE/TABLE_DATA
. . imported "ITPAPP"."TPRMPP_CUSERI"                    18.61 KB      25 rows
Job "ITPAPP"."SYS_IMPORT_TABLE_01" successfully completed at Tue Jun 2 15:59:37 2026 elapsed 0 00:00:08
