   CREATE SEQUENCE  "SEQ_BASCTL"  MINVALUE 1 MAXVALUE 9999999999999999999999 INCREMENT BY 1 START WITH 61 CACHE 20 NOORDER  NOCYCLE  NOKEEP  NOSCALE  GLOBAL 
                    *
ERROR at line 1:
ORA-00955: name is already used by an existing object 


   CREATE SEQUENCE  "SEQ_BASCTM"  MINVALUE 1 MAXVALUE 9999 INCREMENT BY 1 START WITH 401 NOCACHE  NOORDER  CYCLE  NOKEEP  NOSCALE  GLOBAL 
                    *
ERROR at line 1:
ORA-00955: name is already used by an existing object 


   CREATE SEQUENCE  "SEQ_BBUGTL"  MINVALUE 1 MAXVALUE 9999999999999999999999 INCREMENT BY 1 START WITH 1222 CACHE 20 NOORDER  NOCYCLE  NOKEEP  NOSCALE  GLOBAL 
                    *
ERROR at line 1:
ORA-00955: name is already used by an existing object 


   CREATE SEQUENCE  "SEQ_BBUGTM"  MINVALUE 1 MAXVALUE 9999 INCREMENT BY 1 START WITH 418 NOCACHE  NOORDER  CYCLE  NOKEEP  NOSCALE  GLOBAL 
                    *
ERROR at line 1:
ORA-00955: name is already used by an existing object 


   CREATE SEQUENCE  "SEQ_BCHKLL"  MINVALUE 1 MAXVALUE 9999999999999999999999 INCREMENT BY 1 START WITH 21 CACHE 20 NOORDER  NOCYCLE  NOKEEP  NOSCALE  GLOBAL 
                    *
ERROR at line 1:
ORA-00955: name is already used by an existing object 


   CREATE SEQUENCE  "SEQ_BCHKLM"  MINVALUE 1 MAXVALUE 9999 INCREMENT BY 1 START WITH 1 NOCACHE  NOORDER  NOCYCLE  NOKEEP  NOSCALE  GLOBAL 
                    *
ERROR at line 1:
ORA-00955: name is already used by an existing object 


   CREATE SEQUENCE  "SEQ_BCMMTL"  MINVALUE 1 MAXVALUE 9999999999999999999999 INCREMENT BY 1 START WITH 21 CACHE 20 NOORDER  NOCYCLE  NOKEEP  NOSCALE  GLOBAL 
                    *
ERROR at line 1:
ORA-00955: name is already used by an existing object 


   CREATE SEQUENCE  "SEQ_BCOSTL"  MINVALUE 1 MAXVALUE 9999999999999999999999 INCREMENT BY 1 START WITH 176 CACHE 20 NOORDER  NOCYCLE  NOKEEP  NOSCALE  GLOBAL 
                    *
ERROR at line 1:
ORA-00955: name is already used by an existing object 


   CREATE SEQUENCE  "SEQ_BCOSTM"  MINVALUE 1 MAXVALUE 9999 INCREMENT BY 1 START WITH 412 NOCACHE  NOORDER  CYCLE  NOKEEP  NOSCALE  GLOBAL 
                    *
ERROR at line 1:
ORA-00955: name is already used by an existing object 


   CREATE SEQUENCE  "SEQ_BEVALL"  MINVALUE 1 MAXVALUE 9999999999999999999999 INCREMENT BY 1 START WITH 1 CACHE 20 NOORDER  NOCYCLE  NOKEEP  NOSCALE  GLOBAL 
                    *
ERROR at line 1:
ORA-00955: name is already used by an existing object 


   CREATE SEQUENCE  "SEQ_BGDOCL"  MINVALUE 1 MAXVALUE 9999999999999999999999 INCREMENT BY 1 START WITH 421 CACHE 20 NOORDER  NOCYCLE  NOKEEP  NOSCALE  GLOBAL 
                    *
ERROR at line 1:
ORA-00955: name is already used by an existing object 


   CREATE SEQUENCE  "SEQ_BGDOCM"  MINVALUE 1 MAXVALUE 9999 INCREMENT BY 1 START WITH 400 NOCACHE  NOORDER  CYCLE  NOKEEP  NOSCALE  GLOBAL 
                    *
ERROR at line 1:
ORA-00955: name is already used by an existing object 


   CREATE SEQUENCE  "SEQ_BITEML"  MINVALUE 1 MAXVALUE 9999999999999999999999 INCREMENT BY 1 START WITH 121 CACHE 20 NOORDER  NOCYCLE  NOKEEP  NOSCALE  GLOBAL 
                    *
ERROR at line 1:
ORA-00955: name is already used by an existing object 


   CREATE SEQUENCE  "SEQ_BITEMM"  MINVALUE 1 MAXVALUE 9999 INCREMENT BY 1 START WITH 422 NOCACHE  NOORDER  CYCLE  NOKEEP  NOSCALE  GLOBAL 
                    *
ERROR at line 1:
ORA-00955: name is already used by an existing object 


   CREATE SEQUENCE  "SEQ_BMQNAL"  MINVALUE 1 MAXVALUE 9999999999999999999999999999 INCREMENT BY 1 START WITH 3 NOCACHE  NOORDER  NOCYCLE  NOKEEP  NOSCALE  GLOBAL 
                    *
ERROR at line 1:
ORA-00955: name is already used by an existing object 


   CREATE SEQUENCE  "SEQ_BPERFL"  MINVALUE 1 MAXVALUE 9999999999999999999999 INCREMENT BY 1 START WITH 21 CACHE 20 NOORDER  NOCYCLE  NOKEEP  NOSCALE  GLOBAL 
                    *
ERROR at line 1:
ORA-00955: name is already used by an existing object 


   CREATE SEQUENCE  "SEQ_BPLANL"  MINVALUE 1 MAXVALUE 9999999999999999999999 INCREMENT BY 1 START WITH 493 CACHE 20 NOORDER  NOCYCLE  NOKEEP  NOSCALE  GLOBAL 
                    *
ERROR at line 1:
ORA-00955: name is already used by an existing object 


   CREATE SEQUENCE  "SEQ_BPLANM"  MINVALUE 1 MAXVALUE 9999 INCREMENT BY 1 START WITH 418 NOCACHE  NOORDER  CYCLE  NOKEEP  NOSCALE  GLOBAL 
                    *
ERROR at line 1:
ORA-00955: name is already used by an existing object 


   CREATE SEQUENCE  "SEQ_BPOVWL"  MINVALUE 1 MAXVALUE 9999999999999999999999 INCREMENT BY 1 START WITH 21 CACHE 20 NOORDER  NOCYCLE  NOKEEP  NOSCALE  GLOBAL 
                    *
ERROR at line 1:
ORA-00955: name is already used by an existing object 


   CREATE SEQUENCE  "SEQ_BPQNAL"  MINVALUE 1 MAXVALUE 9999999999999999999999 INCREMENT BY 1 START WITH 41 CACHE 20 NOORDER  NOCYCLE  NOKEEP  NOSCALE  GLOBAL 
                    *
ERROR at line 1:
ORA-00955: name is already used by an existing object 


   CREATE SEQUENCE  "SEQ_BPROJL"  MINVALUE 1 MAXVALUE 9999999999999999999999 INCREMENT BY 1 START WITH 212 CACHE 20 NOORDER  NOCYCLE  NOKEEP  NOSCALE  GLOBAL 
                    *
ERROR at line 1:
ORA-00955: name is already used by an existing object 


   CREATE SEQUENCE  "SEQ_BPROJM"  MINVALUE 1 MAXVALUE 9999 INCREMENT BY 1 START WITH 415 NOCACHE  NOORDER  CYCLE  NOKEEP  NOSCALE  GLOBAL 
                    *
ERROR at line 1:
ORA-00955: name is already used by an existing object 


   CREATE SEQUENCE  "SEQ_BRDOCL"  MINVALUE 1 MAXVALUE 9999999999999999999999 INCREMENT BY 1 START WITH 461 CACHE 20 NOORDER  NOCYCLE  NOKEEP  NOSCALE  GLOBAL 
                    *
ERROR at line 1:
ORA-00955: name is already used by an existing object 


   CREATE SEQUENCE  "SEQ_BRDOCM"  MINVALUE 1 MAXVALUE 9999 INCREMENT BY 1 START WITH 400 NOCACHE  NOORDER  CYCLE  NOKEEP  NOSCALE  GLOBAL 
                    *
ERROR at line 1:
ORA-00955: name is already used by an existing object 


   CREATE SEQUENCE  "SEQ_BRIVGL"  MINVALUE 1 MAXVALUE 9999999999999999999999 INCREMENT BY 1 START WITH 21 CACHE 20 NOORDER  NOCYCLE  NOKEEP  NOSCALE  GLOBAL 
                    *
ERROR at line 1:
ORA-00955: name is already used by an existing object 


   CREATE SEQUENCE  "SEQ_BRIVGM"  MINVALUE 1 MAXVALUE 9999999999999999999999 INCREMENT BY 1 START WITH 21 CACHE 20 NOORDER  NOCYCLE  NOKEEP  NOSCALE  GLOBAL 
                    *
ERROR at line 1:
ORA-00955: name is already used by an existing object 


   CREATE SEQUENCE  "SEQ_BRSLTL"  MINVALUE 1 MAXVALUE 9999999999999999999999 INCREMENT BY 1 START WITH 21 CACHE 20 NOORDER  NOCYCLE  NOKEEP  NOSCALE  GLOBAL 
                    *
ERROR at line 1:
ORA-00955: name is already used by an existing object 


   CREATE SEQUENCE  "SEQ_BSCHDL"  MINVALUE 1 MAXVALUE 9999999999999999999999 INCREMENT BY 1 START WITH 81 CACHE 20 NOORDER  NOCYCLE  NOKEEP  NOSCALE  GLOBAL 
                    *
ERROR at line 1:
ORA-00955: name is already used by an existing object 


   CREATE SEQUENCE  "SEQ_BTERML"  MINVALUE 1 MAXVALUE 9999999999999999999999 INCREMENT BY 1 START WITH 192 CACHE 20 NOORDER  NOCYCLE  NOKEEP  NOSCALE  GLOBAL 
                    *
ERROR at line 1:
ORA-00955: name is already used by an existing object 


   CREATE SEQUENCE  "SEQ_BTERMM"  MINVALUE 1 MAXVALUE 9999 INCREMENT BY 1 START WITH 418 NOCACHE  NOORDER  CYCLE  NOKEEP  NOSCALE  GLOBAL 
                    *
ERROR at line 1:
ORA-00955: name is already used by an existing object 


   CREATE SEQUENCE  "SEQ_CAPPLA"  MINVALUE 1 MAXVALUE 9999999999999999999999999999 INCREMENT BY 1 START WITH 61 CACHE 20 NOORDER  NOCYCLE  NOKEEP  NOSCALE  GLOBAL 
                    *
ERROR at line 1:
ORA-00955: name is already used by an existing object 


   CREATE SEQUENCE  "SEQ_CAPPLL"  MINVALUE 1 MAXVALUE 9999999999999999999999 INCREMENT BY 1 START WITH 567 CACHE 20 NOORDER  NOCYCLE  NOKEEP  NOSCALE  GLOBAL 
                    *
ERROR at line 1:
ORA-00955: name is already used by an existing object 


   CREATE SEQUENCE  "SEQ_CAPPLM"  MINVALUE 1 MAXVALUE 99999999 INCREMENT BY 1 START WITH 443 NOCACHE  NOORDER  CYCLE  NOKEEP  NOSCALE  GLOBAL 
                    *
ERROR at line 1:
ORA-00955: name is already used by an existing object 


   CREATE SEQUENCE  "SEQ_CBLBCL"  MINVALUE 1 MAXVALUE 9999999999999999999999 INCREMENT BY 1 START WITH 597 CACHE 20 NOORDER  NOCYCLE  NOKEEP  NOSCALE  GLOBAL 
                    *
ERROR at line 1:
ORA-00955: name is already used by an existing object 


   CREATE SEQUENCE  "SEQ_CBLBCM"  MINVALUE 1 MAXVALUE 9999 INCREMENT BY 1 START WITH 404 NOCACHE  NOORDER  CYCLE  NOKEEP  NOSCALE  GLOBAL 
                    *
ERROR at line 1:
ORA-00955: name is already used by an existing object 


   CREATE SEQUENCE  "SEQ_CBLBML"  MINVALUE 1 MAXVALUE 9999999999999999999999 INCREMENT BY 1 START WITH 422 CACHE 20 NOORDER  NOCYCLE  NOKEEP  NOSCALE  GLOBAL 
                    *
ERROR at line 1:
ORA-00955: name is already used by an existing object 


   CREATE SEQUENCE  "SEQ_CBLBMM"  MINVALUE 1 MAXVALUE 9999 INCREMENT BY 1 START WITH 402 NOCACHE  NOORDER  CYCLE  NOKEEP  NOSCALE  GLOBAL 
                    *
ERROR at line 1:
ORA-00955: name is already used by an existing object 


   CREATE SEQUENCE  "SEQ_CCMMTL"  MINVALUE 1 MAXVALUE 9999999999999999999999 INCREMENT BY 1 START WITH 455 CACHE 20 NOORDER  NOCYCLE  NOKEEP  NOSCALE  GLOBAL 
                    *
ERROR at line 1:
ORA-00955: name is already used by an existing object 


   CREATE SEQUENCE  "SEQ_CCMMTM"  MINVALUE 1 MAXVALUE 9999 INCREMENT BY 1 START WITH 421 NOCACHE  NOORDER  CYCLE  NOKEEP  NOSCALE  GLOBAL 
                    *
ERROR at line 1:
ORA-00955: name is already used by an existing object 


   CREATE SEQUENCE  "SEQ_CCODEL"  MINVALUE 1 MAXVALUE 9999999999999999999999 INCREMENT BY 1 START WITH 530 CACHE 20 NOORDER  NOCYCLE  NOKEEP  NOSCALE  GLOBAL 
                    *
ERROR at line 1:
ORA-00955: name is already used by an existing object 


   CREATE SEQUENCE  "SEQ_CFILEM"  MINVALUE 1 MAXVALUE 99999999 INCREMENT BY 1 START WITH 402 NOCACHE  NOORDER  CYCLE  NOKEEP  NOSCALE  GLOBAL 
                    *
ERROR at line 1:
ORA-00955: name is already used by an existing object 


   CREATE SEQUENCE  "SEQ_CINFMM"  MINVALUE 1 MAXVALUE 99999999 INCREMENT BY 1 START WITH 75 NOCACHE  NOORDER  CYCLE  NOKEEP  NOSCALE  GLOBAL 
                    *
ERROR at line 1:
ORA-00955: name is already used by an existing object 


   CREATE SEQUENCE  "SEQ_CLOGNH"  MINVALUE 1 MAXVALUE 9999999999999999999999 INCREMENT BY 1 START WITH 1393 NOCACHE  NOORDER  CYCLE  NOKEEP  NOSCALE  GLOBAL 
                    *
ERROR at line 1:
ORA-00955: name is already used by an existing object 


   CREATE SEQUENCE  "SEQ_CRTOKM"  MINVALUE 1 MAXVALUE 9999999999999999999999 INCREMENT BY 1 START WITH 733 NOCACHE  NOORDER  CYCLE  NOKEEP  NOSCALE  GLOBAL 
                    *
ERROR at line 1:
ORA-00955: name is already used by an existing object 


  CREATE TABLE "TPRMPP_BASCTL"
               *
ERROR at line 1:
ORA-00955: name is already used by an existing object 


  CREATE TABLE "TPRMPP_BASCTM"
               *
ERROR at line 1:
ORA-00955: name is already used by an existing object 


  CREATE TABLE "TPRMPP_BBUGTL"
               *
ERROR at line 1:
ORA-00955: name is already used by an existing object 


  CREATE TABLE "TPRMPP_BBUGTM"
               *
ERROR at line 1:
ORA-00955: name is already used by an existing object 


  CREATE TABLE "TPRMPP_BCHKLC"
               *
ERROR at line 1:
ORA-00955: name is already used by an existing object 


  CREATE TABLE "TPRMPP_BCHKLL"
               *
ERROR at line 1:
ORA-00955: name is already used by an existing object 


  CREATE TABLE "TPRMPP_BCHKLM"
               *
ERROR at line 1:
ORA-00955: name is already used by an existing object 


  CREATE TABLE "TPRMPP_BCMMTL"
               *
ERROR at line 1:
ORA-00955: name is already used by an existing object 


  CREATE TABLE "TPRMPP_BCMMTM"
               *
ERROR at line 1:
ORA-00955: name is already used by an existing object 


  CREATE TABLE "TPRMPP_BCOSTL"
               *
ERROR at line 1:
ORA-00955: name is already used by an existing object 


  CREATE TABLE "TPRMPP_BCOSTM"
               *
ERROR at line 1:
ORA-00955: name is already used by an existing object 


  CREATE TABLE "TPRMPP_BEVALL"
               *
ERROR at line 1:
ORA-00955: name is already used by an existing object 


  CREATE TABLE "TPRMPP_BEVALM"
               *
ERROR at line 1:
ORA-00955: name is already used by an existing object 


  CREATE TABLE "TPRMPP_BGDOCL"
               *
ERROR at line 1:
ORA-00955: name is already used by an existing object 


  CREATE TABLE "TPRMPP_BGDOCM"
               *
ERROR at line 1:
ORA-00955: name is already used by an existing object 


  CREATE TABLE "TPRMPP_BITEML"
               *
ERROR at line 1:
ORA-00955: name is already used by an existing object 


  CREATE TABLE "TPRMPP_BITEMM"
               *
ERROR at line 1:
ORA-00955: name is already used by an existing object 


  CREATE TABLE "TPRMPP_BMQNAL"
               *
ERROR at line 1:
ORA-00955: name is already used by an existing object 


  CREATE TABLE "TPRMPP_BMQNAM"
               *
ERROR at line 1:
ORA-00955: name is already used by an existing object 


  CREATE TABLE "TPRMPP_BPERFL"
               *
ERROR at line 1:
ORA-00955: name is already used by an existing object 


  CREATE TABLE "TPRMPP_BPERFM"
               *
ERROR at line 1:
ORA-00955: name is already used by an existing object 


  CREATE TABLE "TPRMPP_BPLANL"
               *
ERROR at line 1:
ORA-00955: name is already used by an existing object 


  CREATE TABLE "TPRMPP_BPLANM"
               *
ERROR at line 1:
ORA-00955: name is already used by an existing object 


  CREATE TABLE "TPRMPP_BPOVWL"
               *
ERROR at line 1:
ORA-00955: name is already used by an existing object 


  CREATE TABLE "TPRMPP_BPOVWM"
               *
ERROR at line 1:
ORA-00955: name is already used by an existing object 


  CREATE TABLE "TPRMPP_BPQNAL"
               *
ERROR at line 1:
ORA-00955: name is already used by an existing object 


  CREATE TABLE "TPRMPP_BPQNAM"
               *
ERROR at line 1:
ORA-00955: name is already used by an existing object 


  CREATE TABLE "TPRMPP_BPROJA"
               *
ERROR at line 1:
ORA-00955: name is already used by an existing object 


  CREATE TABLE "TPRMPP_BPROJL"
               *
ERROR at line 1:
ORA-00955: name is already used by an existing object 


  CREATE TABLE "TPRMPP_BPROJM"
               *
ERROR at line 1:
ORA-00955: name is already used by an existing object 


  CREATE TABLE "TPRMPP_BRDOCL"
               *
ERROR at line 1:
ORA-00955: name is already used by an existing object 


  CREATE TABLE "TPRMPP_BRDOCM"
               *
ERROR at line 1:
ORA-00955: name is already used by an existing object 


  CREATE TABLE "TPRMPP_BRIVGL"
               *
ERROR at line 1:
ORA-00955: name is already used by an existing object 


  CREATE TABLE "TPRMPP_BRIVGM"
               *
ERROR at line 1:
ORA-00955: name is already used by an existing object 


  CREATE TABLE "TPRMPP_BRSLTL"
               *
ERROR at line 1:
ORA-00955: name is already used by an existing object 


  CREATE TABLE "TPRMPP_BRSLTM"
               *
ERROR at line 1:
ORA-00955: name is already used by an existing object 


  CREATE TABLE "TPRMPP_BSCHDL"
               *
ERROR at line 1:
ORA-00955: name is already used by an existing object 


  CREATE TABLE "TPRMPP_BSCHDM"
               *
ERROR at line 1:
ORA-00955: name is already used by an existing object 


  CREATE TABLE "TPRMPP_BTERML"
               *
ERROR at line 1:
ORA-00955: name is already used by an existing object 


  CREATE TABLE "TPRMPP_BTERMM"
               *
ERROR at line 1:
ORA-00955: name is already used by an existing object 



Table created.

  CREATE TABLE "TPRMPP_CAPPLL"
               *
ERROR at line 1:
ORA-00955: name is already used by an existing object 


  CREATE TABLE "TPRMPP_CAPPLM"
               *
ERROR at line 1:
ORA-00955: name is already used by an existing object 


  CREATE TABLE "TPRMPP_CAUTHI"
               *
ERROR at line 1:
ORA-00955: name is already used by an existing object 


  CREATE TABLE "TPRMPP_CBLBCL"
               *
ERROR at line 1:
ORA-00955: name is already used by an existing object 



Table created.

  CREATE TABLE "TPRMPP_CBLBML"
               *
ERROR at line 1:
ORA-00955: name is already used by an existing object 


  CREATE TABLE "TPRMPP_CBLBMM"
               *
ERROR at line 1:
ORA-00955: name is already used by an existing object 


  CREATE TABLE "TPRMPP_CCMMTL"
               *
ERROR at line 1:
ORA-00955: name is already used by an existing object 



Table created.

  CREATE TABLE "TPRMPP_CCODEL"
               *
ERROR at line 1:
ORA-00955: name is already used by an existing object 


  CREATE TABLE "TPRMPP_CCODEM"
               *
ERROR at line 1:
ORA-00955: name is already used by an existing object 


  CREATE TABLE "TPRMPP_CDECIM"
               *
ERROR at line 1:
ORA-00955: name is already used by an existing object 


  CREATE TABLE "TPRMPP_CFILEM"
               *
ERROR at line 1:
ORA-00955: name is already used by an existing object 


  CREATE TABLE "TPRMPP_CINFMM"
               *
ERROR at line 1:
ORA-00955: name is already used by an existing object 


  CREATE TABLE "TPRMPP_CLOGNH"
               *
ERROR at line 1:
ORA-00955: name is already used by an existing object 


  CREATE TABLE "TPRMPP_CORGNI"
               *
ERROR at line 1:
ORA-00955: name is already used by an existing object 


  CREATE TABLE "TPRMPP_CROLEI"
               *
ERROR at line 1:
ORA-00955: name is already used by an existing object 


  CREATE TABLE "TPRMPP_CRTOKM"
               *
ERROR at line 1:
ORA-00955: name is already used by an existing object 


  CREATE TABLE "TPRMPP_CUSERI"
               *
ERROR at line 1:
ORA-00955: name is already used by an existing object 


  CREATE INDEX "IDX_TAAABB_BBUGTM_BG_YY_ORC_TB_ORC_PK_VL_DEL_YN" ON "TPRMPP_BBUGTM" ("BSE_YY", "FNT_TB_NM", "PK_COL_NM", "DEL_YN")
               *
ERROR at line 1:
ORA-00955: name is already used by an existing object 


  CREATE INDEX "IDX_TAAABB_BBUGTM_ORC_TB_ORC_PK_VL_ORC_SNO_VL" ON "TPRMPP_BBUGTM" ("FNT_TB_NM", "PK_COL_NM", "FNT_TB_CRY_SNO")
               *
ERROR at line 1:
ORA-00955: name is already used by an existing object 


  CREATE INDEX "IDX_TAAABB_BCOSTM_BG_YY_DEL_YN_LST_YN_IOE_C" ON "TPRMPP_BCOSTM" ("BSE_YY", "DEL_YN", "LST_YN", "IOE_C")
               *
ERROR at line 1:
ORA-00955: name is already used by an existing object 


  CREATE INDEX "IDX_TAAABB_BCOSTM_BICE_DPM_C_DEL_YN_LST_YN" ON "TPRMPP_BCOSTM" ("SVN_DPM_C", "DEL_YN", "LST_YN")
               *
ERROR at line 1:
ORA-00955: name is already used by an existing object 


  CREATE INDEX "IDX_TAAABB_BITEMM_IOE_C_DEL_YN_LST_YN" ON "TPRMPP_BITEMM" ("IOE_C", "DEL_YN", "LST_YN")
               *
ERROR at line 1:
ORA-00955: name is already used by an existing object 


  CREATE INDEX "IDX_TAAABB_BITEMM_PRJ_MNG_NO" ON "TPRMPP_BITEMM" ("ABUS_MNG_NO")
               *
ERROR at line 1:
ORA-00955: name is already used by an existing object 


  CREATE INDEX "IDX_TAAABB_BITEMM_PRJ_MNG_NO_PRJ_SNO_DEL_YN_LST_YN" ON "TPRMPP_BITEMM" ("ABUS_MNG_NO", "PRJ_SNO", "DEL_YN", "LST_YN")
               *
ERROR at line 1:
ORA-00955: name is already used by an existing object 


  CREATE INDEX "IDX_TAAABB_BPROJM_BG_YY_DEL_YN_LST_YN_ORN_YN" ON "TPRMPP_BPROJM" ("BSE_YY", "DEL_YN", "LST_YN", "ORN_YN")
               *
ERROR at line 1:
ORA-00955: name is already used by an existing object 


  CREATE INDEX "IDX_TAAABB_BPROJM_BG_YY_DEL_YN_LST_YN_PRJ_STS" ON "TPRMPP_BPROJM" ("BSE_YY", "DEL_YN", "LST_YN", "STS_TC")
               *
ERROR at line 1:
ORA-00955: name is already used by an existing object 


  CREATE INDEX "IDX_TAAABB_BTERMM_IT_MNGC_NO_IT_MNGC_SNO" ON "TPRMPP_BTERMM" ("BG_NO", "IT_MNGC_SNO")
               *
ERROR at line 1:
ORA-00955: name is already used by an existing object 



Index created.


Index created.


Index created.


Index created.


Index created.


Index created.

  CREATE INDEX "IDX_TAAABB_CBLBMM_USE_YN_SRE_SQN_NO" ON "TPRMPP_CBLBMM" ("USE_YN", "SRE_SQN_SNO")
               *
ERROR at line 1:
ORA-00955: name is already used by an existing object 



Index created.

  CREATE INDEX "IDX_TAAABB_CCODEM_C_ID_DEL_YN_STT_DT_END_DT" ON "TPRMPP_CCODEM" ("CO_C_ID", "DEL_YN", "STT_DTM", "END_DTM")
               *
ERROR at line 1:
ORA-00955: name is already used by an existing object 


  CREATE INDEX "IDX_TAAABB_CCODEM_C_TP_DEL_YN_STT_DT_END_DT" ON "TPRMPP_CCODEM" ("CO_C_INTN_NM", "DEL_YN", "STT_DTM", "END_DTM")
               *
ERROR at line 1:
ORA-00955: name is already used by an existing object 


  CREATE INDEX "IDX_TAAABB_CCODEM_HRK_C_DEL_YN" ON "TPRMPP_CCODEM" ("HRK_CDVA_ID", "DEL_YN")
               *
ERROR at line 1:
ORA-00955: name is already used by an existing object 


  CREATE INDEX "IDX_TAAABB_CORGNI_PRLM_HRK_OGZ_C_CONE" ON "TPRMPP_CORGNI" ("PRLM_HRK_OGZ_C_CONE")
               *
ERROR at line 1:
ORA-00955: name is already used by an existing object 


  CREATE INDEX "IDX_TAAABB_CRTOKM_ENO" ON "TPRMPP_CRTOKM" ("ENO")
               *
ERROR at line 1:
ORA-00955: name is already used by an existing object 


  CREATE INDEX "IDX_TAAABB_CRTOKM_TOK" ON "TPRMPP_CRTOKM" ("API_TOK_CONE")
               *
ERROR at line 1:
ORA-00955: name is already used by an existing object 


  CREATE INDEX "IDX_TAAABB_CUSERI_BBR_C" ON "TPRMPP_CUSERI" ("BBR_C")
               *
ERROR at line 1:
ORA-00955: name is already used by an existing object 


  CREATE INDEX "IX_BASCTL_CHG_DTM" ON "TPRMPP_BASCTL" ("CHG_DTM")
               *
ERROR at line 1:
ORA-00955: name is already used by an existing object 


  CREATE INDEX "IX_BBUGTL_CHG_DTM" ON "TPRMPP_BBUGTL" ("CHG_DTM")
               *
ERROR at line 1:
ORA-00955: name is already used by an existing object 


  CREATE INDEX "IX_BCHKLL_CHG_DTM" ON "TPRMPP_BCHKLL" ("CHG_DTM")
               *
ERROR at line 1:
ORA-00955: name is already used by an existing object 


  CREATE INDEX "IX_BCMMTL_CHG_DTM" ON "TPRMPP_BCMMTL" ("CHG_DTM")
               *
ERROR at line 1:
ORA-00955: name is already used by an existing object 


  CREATE INDEX "IX_BCOSTL_CHG_DTM" ON "TPRMPP_BCOSTL" ("CHG_DTM")
               *
ERROR at line 1:
ORA-00955: name is already used by an existing object 


  CREATE INDEX "IX_BEVALL_CHG_DTM" ON "TPRMPP_BEVALL" ("CHG_DTM")
               *
ERROR at line 1:
ORA-00955: name is already used by an existing object 


  CREATE INDEX "IX_BGDOCL_CHG_DTM" ON "TPRMPP_BGDOCL" ("CHG_DTM")
               *
ERROR at line 1:
ORA-00955: name is already used by an existing object 


  CREATE INDEX "IX_BITEML_CHG_DTM" ON "TPRMPP_BITEML" ("CHG_DTM")
               *
ERROR at line 1:
ORA-00955: name is already used by an existing object 


  CREATE INDEX "IX_BPERFL_CHG_DTM" ON "TPRMPP_BPERFL" ("CHG_DTM")
               *
ERROR at line 1:
ORA-00955: name is already used by an existing object 


  CREATE INDEX "IX_BPLANL_CHG_DTM" ON "TPRMPP_BPLANL" ("CHG_DTM")
               *
ERROR at line 1:
ORA-00955: name is already used by an existing object 


  CREATE INDEX "IX_BPOVWL_CHG_DTM" ON "TPRMPP_BPOVWL" ("CHG_DTM")
               *
ERROR at line 1:
ORA-00955: name is already used by an existing object 


  CREATE INDEX "IX_BPQNAL_CHG_DTM" ON "TPRMPP_BPQNAL" ("CHG_DTM")
               *
ERROR at line 1:
ORA-00955: name is already used by an existing object 


  CREATE INDEX "IX_BPROJL_CHG_DTM" ON "TPRMPP_BPROJL" ("CHG_DTM")
               *
ERROR at line 1:
ORA-00955: name is already used by an existing object 


  CREATE INDEX "IX_BRDOCL_CHG_DTM" ON "TPRMPP_BRDOCL" ("CHG_DTM")
               *
ERROR at line 1:
ORA-00955: name is already used by an existing object 


  CREATE INDEX "IX_BRIVGL_CHG_DTM" ON "TPRMPP_BRIVGL" ("CHG_DTM")
               *
ERROR at line 1:
ORA-00955: name is already used by an existing object 


  CREATE INDEX "IX_BRSLTL_CHG_DTM" ON "TPRMPP_BRSLTL" ("CHG_DTM")
               *
ERROR at line 1:
ORA-00955: name is already used by an existing object 


  CREATE INDEX "IX_BSCHDL_CHG_DTM" ON "TPRMPP_BSCHDL" ("CHG_DTM")
               *
ERROR at line 1:
ORA-00955: name is already used by an existing object 


  CREATE INDEX "IX_BTERML_CHG_DTM" ON "TPRMPP_BTERML" ("CHG_DTM")
               *
ERROR at line 1:
ORA-00955: name is already used by an existing object 


  CREATE INDEX "IX_CAPPLL_CHG_DTM" ON "TPRMPP_CAPPLL" ("CHG_DTM")
               *
ERROR at line 1:
ORA-00955: name is already used by an existing object 


  CREATE INDEX "IX_CINFMM_RCV" ON "TPRMPP_CINFMM" ("RMS_ENO", "DEL_YN", "INQ_YN", "FST_ENR_DTM" DESC)
               *
ERROR at line 1:
ORA-00955: name is already used by an existing object 



Comment created.


Comment created.


Comment created.


Comment created.


Comment created.


Comment created.


Comment created.


Comment created.


Comment created.


Comment created.


Comment created.


Comment created.


Comment created.


Comment created.


Comment created.


Comment created.


Comment created.


Comment created.


Comment created.


Comment created.


Comment created.


Comment created.


Comment created.


Comment created.


Comment created.


Comment created.


Comment created.


Comment created.


Comment created.


Comment created.


Comment created.


Comment created.


Comment created.


Comment created.


Comment created.


Comment created.


Comment created.


Comment created.


Comment created.


Comment created.


Comment created.


Comment created.


Comment created.


Comment created.


Comment created.


Comment created.


Comment created.


Comment created.


Comment created.


Comment created.


Comment created.


Comment created.


Comment created.


Comment created.


Comment created.


Comment created.


Comment created.


Comment created.


Comment created.


Comment created.


Comment created.


Comment created.


Comment created.


Comment created.


Comment created.


Comment created.


Comment created.


Comment created.


Comment created.


Comment created.


Comment created.


Comment created.


Comment created.


Comment created.


Comment created.


Comment created.


Comment created.


Comment created.


Comment created.


Comment created.


Comment created.


Comment created.


Comment created.


Comment created.


Comment created.


Comment created.


Comment created.


Comment created.


Comment created.


Comment created.


Comment created.


Comment created.


Comment created.


Comment created.


Comment created.


Comment created.


Comment created.


Comment created.


Comment created.


Comment created.


Comment created.


Comment created.


Comment created.


Comment created.


Comment created.


Comment created.


Comment created.


Comment created.


Comment created.


Comment created.


Comment created.


Comment created.


Comment created.


Comment created.


Comment created.


Comment created.


Comment created.


Comment created.


Comment created.


Comment created.


Comment created.


Comment created.


Comment created.


Comment created.


Comment created.


Comment created.


Comment created.


Comment created.


Comment created.


Comment created.


Comment created.


Comment created.


Comment created.


Comment created.


Comment created.


Comment created.


Comment created.


Comment created.


Comment created.


Comment created.


Comment created.


Comment created.


Comment created.


Comment created.


Comment created.


Comment created.


Comment created.


Comment created.


Comment created.


Comment created.


Comment created.


Comment created.


Comment created.


Comment created.


Comment created.


Comment created.


Comment created.


Comment created.


Comment created.


Comment created.


Comment created.


Comment created.


Comment created.


Comment created.


Comment created.


Comment created.


Comment created.


Comment created.


Comment created.


Comment created.


Comment created.


Comment created.


Comment created.


Comment created.


Comment created.


Comment created.


Comment created.


Comment created.


Comment created.


Comment created.


Comment created.


Comment created.


Comment created.


Comment created.


Comment created.


Comment created.


Comment created.


Comment created.


Comment created.


Comment created.


Comment created.


Comment created.


Comment created.


Comment created.


Comment created.


Comment created.


Comment created.


Comment created.


Comment created.


Comment created.


Comment created.


Comment created.


Comment created.


Comment created.


Comment created.


Comment created.


Comment created.


Comment created.


Comment created.


Comment created.


Comment created.


Comment created.


Comment created.


Comment created.


Comment created.


Comment created.


Comment created.


Comment created.


Comment created.


Comment created.


Comment created.


Comment created.


Comment created.


Comment created.


Comment created.


Comment created.


Comment created.


Comment created.


Comment created.


Comment created.


Comment created.


Comment created.


Comment created.


Comment created.


Comment created.


Comment created.


Comment created.


Comment created.


Comment created.


Comment created.


Comment created.


Comment created.


Comment created.


Comment created.


Comment created.


Comment created.


Comment created.


Comment created.


Comment created.


Comment created.


Comment created.


Comment created.


Comment created.


Comment created.


Comment created.


Comment created.


Comment created.


Comment created.


Comment created.


Comment created.


Comment created.


Comment created.


Comment created.


Comment created.


Comment created.


Comment created.


Comment created.


Comment created.


Comment created.


Comment created.


Comment created.


Comment created.


Comment created.


Comment created.


Comment created.


Comment created.


Comment created.


Comment created.


Comment created.


Comment created.


Comment created.


Comment created.


Comment created.


Comment created.


Comment created.


Comment created.


Comment created.


Comment created.


Comment created.


Comment created.


Comment created.


Comment created.


Comment created.


Comment created.


Comment created.


Comment created.


Comment created.


Comment created.


Comment created.


Comment created.


Comment created.


Comment created.


Comment created.


Comment created.


Comment created.


Comment created.


Comment created.


Comment created.


Comment created.


Comment created.


Comment created.


Comment created.


Comment created.


Comment created.


Comment created.


Comment created.


Comment created.


Comment created.


Comment created.


Comment created.


Comment created.


Comment created.


Comment created.


Comment created.


Comment created.


Comment created.


Comment created.


Comment created.


Comment created.


Comment created.


Comment created.


Comment created.


Comment created.


Comment created.


Comment created.


Comment created.


Comment created.


Comment created.


Comment created.


Comment created.


Comment created.


Comment created.


Comment created.


Comment created.


Comment created.


Comment created.


Comment created.


Comment created.


Comment created.


Comment created.


Comment created.


Comment created.


Comment created.


Comment created.


Comment created.


Comment created.


Comment created.


Comment created.


Comment created.


Comment created.


Comment created.


Comment created.


Comment created.


Comment created.


Comment created.


Comment created.


Comment created.


Comment created.


Comment created.


Comment created.


Comment created.


Comment created.


Comment created.


Comment created.


Comment created.


Comment created.


Comment created.


Comment created.


Comment created.


Comment created.


Comment created.


Comment created.


Comment created.


Comment created.


Comment created.


Comment created.


Comment created.


Comment created.


Comment created.


Comment created.


Comment created.


Comment created.


Comment created.


Comment created.


Comment created.


Comment created.


Comment created.


Comment created.


Comment created.


Comment created.


Comment created.


Comment created.


Comment created.


Comment created.


Comment created.


Comment created.


Comment created.


Comment created.


Comment created.


Comment created.


Comment created.


Comment created.


Comment created.


Comment created.


Comment created.


Comment created.


Comment created.


Comment created.


Comment created.


Comment created.


Comment created.


Comment created.


Comment created.


Comment created.


Comment created.


Comment created.


Comment created.


Comment created.


Comment created.


Comment created.


Comment created.


Comment created.


Comment created.


Comment created.


Comment created.


Comment created.


Comment created.


Comment created.


Comment created.


Comment created.


Comment created.


Comment created.


Comment created.


Comment created.


Comment created.


Comment created.


Comment created.


Comment created.


Comment created.


Comment created.


Comment created.


Comment created.


Comment created.


Comment created.


Comment created.


Comment created.


Comment created.


Comment created.


Comment created.


Comment created.


Comment created.


Comment created.


Comment created.


Comment created.


Comment created.


Comment created.


Comment created.


Comment created.


Comment created.


Comment created.


Comment created.


Comment created.


Comment created.


Comment created.


Comment created.


Comment created.


Comment created.


Comment created.


Comment created.


Comment created.


Comment created.


Comment created.


Comment created.


Comment created.


Comment created.


Comment created.


Comment created.


Comment created.


Comment created.


Comment created.


Comment created.


Comment created.


Comment created.


Comment created.


Comment created.


Comment created.


Comment created.


Comment created.


Comment created.


Comment created.


Comment created.


Comment created.


Comment created.


Comment created.


Comment created.


Comment created.


Comment created.


Comment created.


Comment created.


Comment created.


Comment created.


Comment created.


Comment created.


Comment created.


Comment created.


Comment created.


Comment created.


Comment created.


Comment created.


Comment created.


Comment created.


Comment created.


Comment created.


Comment created.


Comment created.


Comment created.


Comment created.


Comment created.


Comment created.


Comment created.


Comment created.


Comment created.


Comment created.


Comment created.


Comment created.


Comment created.


Comment created.


Comment created.


Comment created.


Comment created.


Comment created.


Comment created.


Comment created.


Comment created.


Comment created.


Comment created.


Comment created.


Comment created.


Comment created.


Comment created.


Comment created.


Comment created.


Comment created.


Comment created.


Comment created.


Comment created.


Comment created.


Comment created.


Comment created.


Comment created.


Comment created.


Comment created.


Comment created.


Comment created.


Comment created.


Comment created.


Comment created.


Comment created.


Comment created.


Comment created.


Comment created.


Comment created.


Comment created.


Comment created.


Comment created.


Comment created.


Comment created.


Comment created.


Comment created.


Comment created.


Comment created.


Comment created.


Comment created.


Comment created.


Comment created.


Comment created.


Comment created.


Comment created.


Comment created.


Comment created.


Comment created.


Comment created.


Comment created.


Comment created.


Comment created.


Comment created.


Comment created.


Comment created.


Comment created.


Comment created.


Comment created.


Comment created.


Comment created.


Comment created.


Comment created.


Comment created.


Comment created.


Comment created.


Comment created.


Comment created.


Comment created.


Comment created.


Comment created.


Comment created.


Comment created.


Comment created.


Comment created.


Comment created.


Comment created.


Comment created.


Comment created.


Comment created.


Comment created.


Comment created.


Comment created.


Comment created.


Comment created.


Comment created.


Comment created.


Comment created.


Comment created.


Comment created.


Comment created.


Comment created.


Comment created.


Comment created.


Comment created.


Comment created.


Comment created.


Comment created.


Comment created.


Comment created.


Comment created.


Comment created.


Comment created.


Comment created.


Comment created.


Comment created.


Comment created.


Comment created.


Comment created.


Comment created.


Comment created.


Comment created.


Comment created.


Comment created.


Comment created.


Comment created.


Comment created.


Comment created.


Comment created.


Comment created.


Comment created.


Comment created.


Comment created.


Comment created.


Comment created.


Comment created.


Comment created.


Comment created.


Comment created.


Comment created.


Comment created.


Comment created.


Comment created.


Comment created.


Comment created.


Comment created.


Comment created.


Comment created.


Comment created.


Comment created.


Comment created.


Comment created.


Comment created.


Comment created.


Comment created.


Comment created.


Comment created.


Comment created.


Comment created.


Comment created.


Comment created.


Comment created.


Comment created.


Comment created.


Comment created.


Comment created.


Comment created.


Comment created.


Comment created.


Comment created.


Comment created.


Comment created.


Comment created.


Comment created.


Comment created.


Comment created.


Comment created.


Comment created.


Comment created.


Comment created.


Comment created.


Comment created.


Comment created.


Comment created.


Comment created.


Comment created.


Comment created.


Comment created.


Comment created.


Comment created.


Comment created.


Comment created.


Comment created.


Comment created.


Comment created.


Comment created.


Comment created.


Comment created.


Comment created.


Comment created.


Comment created.


Comment created.


Comment created.


Comment created.


Comment created.


Comment created.


Comment created.


Comment created.


Comment created.


Comment created.


Comment created.


Comment created.


Comment created.


Comment created.


Comment created.


Comment created.


Comment created.


Comment created.


Comment created.


Comment created.


Comment created.


Comment created.


Comment created.


Comment created.


Comment created.


Comment created.


Comment created.


Comment created.


Comment created.


Comment created.


Comment created.


Comment created.


Comment created.


Comment created.


Comment created.


Comment created.


Comment created.


Comment created.


Comment created.


Comment created.


Comment created.


Comment created.


Comment created.


Comment created.


Comment created.


Comment created.


Comment created.


Comment created.


Comment created.


Comment created.


Comment created.


Comment created.


Comment created.


Comment created.


Comment created.


Comment created.


Comment created.


Comment created.


Comment created.


Comment created.


Comment created.


Comment created.


Comment created.


Comment created.


Comment created.


Comment created.


Comment created.


Comment created.


Comment created.


Comment created.


Comment created.


Comment created.


Comment created.


Comment created.


Comment created.


Comment created.


Comment created.


Comment created.


Comment created.


Comment created.


Comment created.


Comment created.


Comment created.


Comment created.


Comment created.


Comment created.


Comment created.


Comment created.


Comment created.


Comment created.


Comment created.


Comment created.


Comment created.


Comment created.


Comment created.


Comment created.


Comment created.


Comment created.


Comment created.


Comment created.


Comment created.


Comment created.


Comment created.


Comment created.


Comment created.


Comment created.


Comment created.


Comment created.


Comment created.


Comment created.


Comment created.


Comment created.


Comment created.


Comment created.


Comment created.


Comment created.


Comment created.


Comment created.


Comment created.


Comment created.


Comment created.


Comment created.


Comment created.


Comment created.


Comment created.


Comment created.


Comment created.


Comment created.


Comment created.


Comment created.


Comment created.


Comment created.


Comment created.


Comment created.


Comment created.


Comment created.


Comment created.


Comment created.


Comment created.


Comment created.


Comment created.


Comment created.


Comment created.


Comment created.


Comment created.


Comment created.


Comment created.


Comment created.


Comment created.


Comment created.


Comment created.


Comment created.


Comment created.


Comment created.


Comment created.


Comment created.


Comment created.


Comment created.


Comment created.


Comment created.


Comment created.


Comment created.


Comment created.


Comment created.


Comment created.


Comment created.


Comment created.


Comment created.


Comment created.


Comment created.


Comment created.


Comment created.


Comment created.


Comment created.


Comment created.


Comment created.


Comment created.


Comment created.


Comment created.


Comment created.


Comment created.


Comment created.


Comment created.


Comment created.


Comment created.


Comment created.


Comment created.


Comment created.


Comment created.


Comment created.


Comment created.


Comment created.


Comment created.


Comment created.


Comment created.


Comment created.


Comment created.


Comment created.


Comment created.


Comment created.


Comment created.


Comment created.


Comment created.


Comment created.


Comment created.


Comment created.


Comment created.


Comment created.


Comment created.


Comment created.


Comment created.


Comment created.


Comment created.


Comment created.


Comment created.


Comment created.


Comment created.


Comment created.


Comment created.


Comment created.


Comment created.


Comment created.


Comment created.


Comment created.


Comment created.


Comment created.


Comment created.


Comment created.


Comment created.


Comment created.


Comment created.


Comment created.


Comment created.


Comment created.


Comment created.


Comment created.


Comment created.


Comment created.


Comment created.


Comment created.


Comment created.


Comment created.


Comment created.


Comment created.


Comment created.


Comment created.


Comment created.


Comment created.


Comment created.


Comment created.


Comment created.


Comment created.


Comment created.


Comment created.


Comment created.


Comment created.


Comment created.


Comment created.


Comment created.


Comment created.


Comment created.


Comment created.


Comment created.


Comment created.


Comment created.


Comment created.


Comment created.


Comment created.


Comment created.


Comment created.


Comment created.


Comment created.


Comment created.


Comment created.


Comment created.


Comment created.


Comment created.


Comment created.


Comment created.


Comment created.


Comment created.


Comment created.


Comment created.


Comment created.


Comment created.


Comment created.


Comment created.


Comment created.


Comment created.


Comment created.


Comment created.


Comment created.


Comment created.


Comment created.


Comment created.


Comment created.


Comment created.


Comment created.


Comment created.


Comment created.


Comment created.


Comment created.


Comment created.


Comment created.


Comment created.


Comment created.


Comment created.


Comment created.


Comment created.


Comment created.


Comment created.


Comment created.


Comment created.


Comment created.


Comment created.


Comment created.


Comment created.


Comment created.


Comment created.


Comment created.


Comment created.


Comment created.

